<?xml version="1.0" encoding="UTF-8"?>
<!-- Generated by org.testng.reporters.JUnitReportReporter -->
<testsuite hostname="DESKTOP-6RGBUKB" failures="0" tests="1" name="RestAPI.SchemaValidation" time="5.110" errors="0" timestamp="2023-08-29T08:54:47 IST" skipped="0">
  <testcase classname="RestAPI.SchemaValidation" name="test" time="5.110"/>
</testsuite> <!-- RestAPI.SchemaValidation -->
