<?xml version="1.0" encoding="UTF-8"?>
<!-- Generated by org.testng.reporters.JUnitReportReporter -->
<testsuite hostname="DESKTOP-6RGBUKB" failures="0" tests="1" name="RestAPI.jsonServer" time="4.052" errors="0" timestamp="2023-08-29T11:13:12 IST" skipped="0">
  <testcase classname="RestAPI.jsonServer" name="test_del" time="4.052"/>
</testsuite> <!-- RestAPI.jsonServer -->
