<?xml version="1.0" encoding="UTF-8"?>
<!-- Generated by org.testng.reporters.JUnitReportReporter -->
<testsuite hostname="DESKTOP-6RGBUKB" failures="0" tests="1" name="RestAPI.Test1" time="3.643" errors="0" timestamp="2023-08-29T08:31:28 IST" skipped="0">
  <testcase classname="RestAPI.Test1" name="test1" time="3.643"/>
</testsuite> <!-- RestAPI.Test1 -->
